<html>
<head>
<title>TestNG:  Default test</title>
<link href="../testng.css" rel="stylesheet" type="text/css" />
<link href="../my-testng.css" rel="stylesheet" type="text/css" />

<style type="text/css">
.log { display: none;} 
.stack-trace { display: none;} 
</style>
<script type="text/javascript">
<!--
function flip(e) {
  current = e.style.display;
  if (current == 'block') {
    e.style.display = 'none';
    return 0;
  }
  else {
    e.style.display = 'block';
    return 1;
  }
}

function toggleBox(szDivId, elem, msg1, msg2)
{
  var res = -1;  if (document.getElementById) {
    res = flip(document.getElementById(szDivId));
  }
  else if (document.all) {
    // this is the way old msie versions work
    res = flip(document.all[szDivId]);
  }
  if(elem) {
    if(res == 0) elem.innerHTML = msg1; else elem.innerHTML = msg2;
  }

}

function toggleAllBoxes() {
  if (document.getElementsByTagName) {
    d = document.getElementsByTagName('div');
    for (i = 0; i < d.length; i++) {
      if (d[i].className == 'log') {
        flip(d[i]);
      }
    }
  }
}

// -->
</script>

</head>
<body>
<h2 align='center'>Default test</h2><table border='1' align="center">
<tr>
<td>Tests passed/Failed/Skipped:</td><td>0/0/1</td>
</tr><tr>
<td>Started on:</td><td>Mon Jun 13 17:55:55 EDT 2016</td>
</tr>
<tr><td>Total time:</td><td>1 seconds (1707 ms)</td>
</tr><tr>
<td>Included groups:</td><td></td>
</tr><tr>
<td>Excluded groups:</td><td></td>
</tr>
</table><p/>
<small><i>(Hover the method name to see the test class name)</i></small><p/>
<table width='100%' border='1' class='invocation-failed'>
<tr><td colspan='4' align='center'><b>FAILED CONFIGURATIONS</b></td></tr>
<tr><td><b>Test method</b></td>
<td width="30%"><b>Exception</b></td>
<td width="10%"><b>Time (seconds)</b></td>
<td><b>Instance</b></td>
</tr>
<tr>
<td title='com.google.test.AppiumTest.setUp()'><b>setUp</b><br>Test class: com.google.test.AppiumTest</td>
<td><div><pre>org.openqa.selenium.WebDriverException: An unknown server-side error occurred while processing the command. Original error: Could not find a device to launch. You requested &apos;iPhone 6s (9.2) [&apos;, but the available devices were: [&quot;iPhone (9.2) [5960cdda23fdd65a301fae9b2d8add11aa96e721]&quot;,&quot;Apple TV 1080p (9.2) [C7E15C6C-6690-4674-BEF3-87BBDC3019CA] (Simulator)&quot;,&quot;iPad 2 (9.3) [859B4F7F-D694-4561-8DBD-8191E0515456] (Simulator)&quot;,&quot;iPad Air (9.3) [D888AE81-B32A-4B9E-B04C-B58B63117EDE] (Simulator)&quot;,&quot;iPad Air 2 (9.3) [A54793CF-3EDC-4ED4-B501-71D289E2CA85] (Simulator)&quot;,&quot;iPad Pro (9.3) [24E6AB86-06A6-43BA-AAAC-160C3BCE57E3] (Simulator)&quot;,&quot;iPad Retina (9.3) [45689859-37AD-480C-B39D-0F46082D1ED1] (Simulator)&quot;,&quot;iPhone 4s (9.3) [90194203-5A21-45F4-832F-39FEFC90FD0E] (Simulator)&quot;,&quot;iPhone 5 (9.3) [1420F78E-E15A-4A99-9831-F0D8B5E8CC5A] (Simulator)&quot;,&quot;iPhone 5s (9.3) [0E6471AF-276D-4939-A9F8-9495C0A2196F] (Simulator)&quot;,&quot;iPhone 6 (9.3) [D8FC3B4F-B7C1-4D92-B4DC-3968D5913724] (Simulator)&quot;,&quot;iPhone 6 Plus (9.3) [11EAB88C-0DD5-4D0D-A556-DBC367CE5AA5] (Simulator)&quot;,&quot;iPhone 6s (9.3) [B8A16250-27CD-49EB-BE09-2A378B3A2942] (Simulator)&quot;,&quot;iPhone 6s (9.3) + Apple Watch - 38mm (2.2) [ECD5F581-F858-4898-BBF1-243D2F0D0765] (Simulator)&quot;,&quot;iPhone 6s Plus (9.3) [18AEC129-7085-4D51-85CD-87C1E2BD9D38] (Simulator)&quot;,&quot;iPhone 6s Plus (9.3) + Apple Watch - 42mm (2.2) [B04B2F6B-FC22-4D90-B9B4-FF4E96F3574C] (Simulator)&quot;] (WARNING: The server did not provide any stacktrace information)
Command duration or timeout: 1.38 seconds
Build info: version: &apos;2.53.0&apos;, revision: &apos;35ae25b1534ae328c771e0856c93e187490ca824&apos;, time: &apos;2016-03-15 10:43:46&apos;
System info: host: &apos;irbt-4576.wardrobe.irobot.com&apos;, ip: &apos;10.70.22.151&apos;, os.name: &apos;Mac OS X&apos;, os.arch: &apos;x86_64&apos;, os.version: &apos;10.11.5&apos;, java.version: &apos;1.8.0_31&apos;
Driver info: io.appium.java_client.ios.IOSDriver
	at sun.reflect.NativeConstructorAccessorImpl.newInstance0(Native Method)
	at sun.reflect.NativeConstructorAccessorImpl.newInstance(NativeConstructorAccessorImpl.java:62)
	at sun.reflect.DelegatingConstructorAccessorImpl.newInstance(DelegatingConstructorAccessorImpl.java:45)
	at java.lang.reflect.Constructor.newInstance(Constructor.java:408)
	at org.openqa.selenium.remote.ErrorHandler.createThrowable(ErrorHandler.java:206)
	at org.openqa.selenium.remote.ErrorHandler.throwIfResponseFailed(ErrorHandler.java:158)
	at org.openqa.selenium.remote.RemoteWebDriver.execute(RemoteWebDriver.java:678)
	at io.appium.java_client.DefaultGenericMobileDriver.execute(DefaultGenericMobileDriver.java:43)
	at io.appium.java_client.AppiumDriver.execute(AppiumDriver.java:1)
	at io.appium.java_client.ios.IOSDriver.execute(IOSDriver.java:1)
	at org.openqa.selenium.remote.RemoteWebDriver.startSession(RemoteWebDriver.java:249)
	at org.openqa.selenium.remote.RemoteWebDriver.&lt;init&gt;(RemoteWebDriver.java:131)
	at org.openqa.selenium.remote.RemoteWebDriver.&lt;init&gt;(RemoteWebDriver.java:144)
	at io.appium.java_client.DefaultGenericMobileDriver.&lt;init&gt;(DefaultGenericMobileDriver.java:39)
	at io.appium.java_client.AppiumDriver.&lt;init&gt;(AppiumDriver.java:69)
	at io.appium.java_client.AppiumDriver.&lt;init&gt;(AppiumDriver.java:78)
	at io.appium.java_client.ios.IOSDriver.&lt;init&gt;(IOSDriver.java:55)
	at com.google.test.AppiumTest.setUp(AppiumTest.java:35)
	at sun.reflect.NativeMethodAccessorImpl.invoke0(Native Method)
	at sun.reflect.NativeMethodAccessorImpl.invoke(NativeMethodAccessorImpl.java:62)
	at sun.reflect.DelegatingMethodAccessorImpl.invoke(DelegatingMethodAccessorImpl.java:43)
	at java.lang.reflect.Method.invoke(Method.java:483)
	at org.testng.internal.MethodInvocationHelper.invokeMethod(MethodInvocationHelper.java:86)
	at org.testng.internal.Invoker.invokeConfigurationMethod(Invoker.java:514)
	at org.testng.internal.Invoker.invokeConfigurations(Invoker.java:215)
	at org.testng.internal.Invoker.invokeConfigurations(Invoker.java:142)
	at org.testng.TestRunner.beforeRun(TestRunner.java:656)
	at org.testng.TestRunner.run(TestRunner.java:624)
	at org.testng.SuiteRunner.runTest(SuiteRunner.java:366)
	at org.testng.SuiteRunner.runSequentially(SuiteRunner.java:361)
	at org.testng.SuiteRunner.privateRun(SuiteRunner.java:319)
	at org.testng.SuiteRunner.run(SuiteRunner.java:268)
	at org.testng.SuiteRunnerWorker.runSuite(SuiteRunnerWorker.java:52)
	at org.testng.SuiteRunnerWorker.run(SuiteRunnerWorker.java:86)
	at org.testng.TestNG.runSuitesSequentially(TestNG.java:1244)
	at org.testng.TestNG.runSuitesLocally(TestNG.java:1169)
	at org.testng.TestNG.run(TestNG.java:1064)
	at org.testng.remote.AbstractRemoteTestNG.run(AbstractRemoteTestNG.java:126)
	at org.testng.remote.RemoteTestNG.initAndRun(RemoteTestNG.java:137)
	at org.testng.remote.RemoteTestNG.main(RemoteTestNG.java:58)
</pre></div><a href='#' onClick='toggleBox("stack-trace495702238", this, "Click to show all stack frames", "Click to hide stack frames")'>Click to show all stack frames</a>
<div class='stack-trace' id='stack-trace495702238'><pre>org.openqa.selenium.WebDriverException: An unknown server-side error occurred while processing the command. Original error: Could not find a device to launch. You requested &apos;iPhone 6s (9.2) [&apos;, but the available devices were: [&quot;iPhone (9.2) [5960cdda23fdd65a301fae9b2d8add11aa96e721]&quot;,&quot;Apple TV 1080p (9.2) [C7E15C6C-6690-4674-BEF3-87BBDC3019CA] (Simulator)&quot;,&quot;iPad 2 (9.3) [859B4F7F-D694-4561-8DBD-8191E0515456] (Simulator)&quot;,&quot;iPad Air (9.3) [D888AE81-B32A-4B9E-B04C-B58B63117EDE] (Simulator)&quot;,&quot;iPad Air 2 (9.3) [A54793CF-3EDC-4ED4-B501-71D289E2CA85] (Simulator)&quot;,&quot;iPad Pro (9.3) [24E6AB86-06A6-43BA-AAAC-160C3BCE57E3] (Simulator)&quot;,&quot;iPad Retina (9.3) [45689859-37AD-480C-B39D-0F46082D1ED1] (Simulator)&quot;,&quot;iPhone 4s (9.3) [90194203-5A21-45F4-832F-39FEFC90FD0E] (Simulator)&quot;,&quot;iPhone 5 (9.3) [1420F78E-E15A-4A99-9831-F0D8B5E8CC5A] (Simulator)&quot;,&quot;iPhone 5s (9.3) [0E6471AF-276D-4939-A9F8-9495C0A2196F] (Simulator)&quot;,&quot;iPhone 6 (9.3) [D8FC3B4F-B7C1-4D92-B4DC-3968D5913724] (Simulator)&quot;,&quot;iPhone 6 Plus (9.3) [11EAB88C-0DD5-4D0D-A556-DBC367CE5AA5] (Simulator)&quot;,&quot;iPhone 6s (9.3) [B8A16250-27CD-49EB-BE09-2A378B3A2942] (Simulator)&quot;,&quot;iPhone 6s (9.3) + Apple Watch - 38mm (2.2) [ECD5F581-F858-4898-BBF1-243D2F0D0765] (Simulator)&quot;,&quot;iPhone 6s Plus (9.3) [18AEC129-7085-4D51-85CD-87C1E2BD9D38] (Simulator)&quot;,&quot;iPhone 6s Plus (9.3) + Apple Watch - 42mm (2.2) [B04B2F6B-FC22-4D90-B9B4-FF4E96F3574C] (Simulator)&quot;] (WARNING: The server did not provide any stacktrace information)
Command duration or timeout: 1.38 seconds
Build info: version: &apos;2.53.0&apos;, revision: &apos;35ae25b1534ae328c771e0856c93e187490ca824&apos;, time: &apos;2016-03-15 10:43:46&apos;
System info: host: &apos;irbt-4576.wardrobe.irobot.com&apos;, ip: &apos;10.70.22.151&apos;, os.name: &apos;Mac OS X&apos;, os.arch: &apos;x86_64&apos;, os.version: &apos;10.11.5&apos;, java.version: &apos;1.8.0_31&apos;
Driver info: io.appium.java_client.ios.IOSDriver
	at sun.reflect.NativeConstructorAccessorImpl.newInstance0(Native Method)
	at sun.reflect.NativeConstructorAccessorImpl.newInstance(NativeConstructorAccessorImpl.java:62)
	at sun.reflect.DelegatingConstructorAccessorImpl.newInstance(DelegatingConstructorAccessorImpl.java:45)
	at java.lang.reflect.Constructor.newInstance(Constructor.java:408)
	at org.openqa.selenium.remote.ErrorHandler.createThrowable(ErrorHandler.java:206)
	at org.openqa.selenium.remote.ErrorHandler.throwIfResponseFailed(ErrorHandler.java:158)
	at org.openqa.selenium.remote.RemoteWebDriver.execute(RemoteWebDriver.java:678)
	at io.appium.java_client.DefaultGenericMobileDriver.execute(DefaultGenericMobileDriver.java:43)
	at io.appium.java_client.AppiumDriver.execute(AppiumDriver.java:1)
	at io.appium.java_client.ios.IOSDriver.execute(IOSDriver.java:1)
	at org.openqa.selenium.remote.RemoteWebDriver.startSession(RemoteWebDriver.java:249)
	at org.openqa.selenium.remote.RemoteWebDriver.&lt;init&gt;(RemoteWebDriver.java:131)
	at org.openqa.selenium.remote.RemoteWebDriver.&lt;init&gt;(RemoteWebDriver.java:144)
	at io.appium.java_client.DefaultGenericMobileDriver.&lt;init&gt;(DefaultGenericMobileDriver.java:39)
	at io.appium.java_client.AppiumDriver.&lt;init&gt;(AppiumDriver.java:69)
	at io.appium.java_client.AppiumDriver.&lt;init&gt;(AppiumDriver.java:78)
	at io.appium.java_client.ios.IOSDriver.&lt;init&gt;(IOSDriver.java:55)
	at com.google.test.AppiumTest.setUp(AppiumTest.java:35)
	at sun.reflect.NativeMethodAccessorImpl.invoke0(Native Method)
	at sun.reflect.NativeMethodAccessorImpl.invoke(NativeMethodAccessorImpl.java:62)
	at sun.reflect.DelegatingMethodAccessorImpl.invoke(DelegatingMethodAccessorImpl.java:43)
	at java.lang.reflect.Method.invoke(Method.java:483)
	at org.testng.internal.MethodInvocationHelper.invokeMethod(MethodInvocationHelper.java:86)
	at org.testng.internal.Invoker.invokeConfigurationMethod(Invoker.java:514)
	at org.testng.internal.Invoker.invokeConfigurations(Invoker.java:215)
	at org.testng.internal.Invoker.invokeConfigurations(Invoker.java:142)
	at org.testng.TestRunner.beforeRun(TestRunner.java:656)
	at org.testng.TestRunner.run(TestRunner.java:624)
	at org.testng.SuiteRunner.runTest(SuiteRunner.java:366)
	at org.testng.SuiteRunner.runSequentially(SuiteRunner.java:361)
	at org.testng.SuiteRunner.privateRun(SuiteRunner.java:319)
	at org.testng.SuiteRunner.run(SuiteRunner.java:268)
	at org.testng.SuiteRunnerWorker.runSuite(SuiteRunnerWorker.java:52)
	at org.testng.SuiteRunnerWorker.run(SuiteRunnerWorker.java:86)
	at org.testng.TestNG.runSuitesSequentially(TestNG.java:1244)
	at org.testng.TestNG.runSuitesLocally(TestNG.java:1169)
	at org.testng.TestNG.run(TestNG.java:1064)
	at org.testng.remote.AbstractRemoteTestNG.run(AbstractRemoteTestNG.java:126)
	at org.testng.remote.RemoteTestNG.initAndRun(RemoteTestNG.java:137)
	at org.testng.remote.RemoteTestNG.main(RemoteTestNG.java:58)
</pre></div></td>
<td>0</td>
<td>null</td></tr>
</table><p>
<table width='100%' border='1' class='invocation-skipped'>
<tr><td colspan='4' align='center'><b>SKIPPED CONFIGURATIONS</b></td></tr>
<tr><td><b>Test method</b></td>
<td width="30%"><b>Exception</b></td>
<td width="10%"><b>Time (seconds)</b></td>
<td><b>Instance</b></td>
</tr>
<tr>
<td title='com.google.test.AppiumTest.tearDown()'><b>tearDown</b><br>Test class: com.google.test.AppiumTest</td>
<td></td>
<td>0</td>
<td>null</td></tr>
</table><p>
<table width='100%' border='1' class='invocation-skipped'>
<tr><td colspan='4' align='center'><b>SKIPPED TESTS</b></td></tr>
<tr><td><b>Test method</b></td>
<td width="30%"><b>Exception</b></td>
<td width="10%"><b>Time (seconds)</b></td>
<td><b>Instance</b></td>
</tr>
<tr>
<td title='com.google.test.AppiumTest.runTest()'><b>runTest</b><br>Test class: com.google.test.AppiumTest</td>
<td></td>
<td>0</td>
<td>com.google.test.AppiumTest@3ffc5af1</td></tr>
</table><p>
</body>
</html>